2018-10-28 10:49:25,138 DEBUG   : 连接池初始化完成
2018-10-28 10:49:25,138 DEBUG   : 连接池初始化完成
2018-10-28 10:49:32,017 DEBUG   : 连接池初始化完成
2018-10-28 10:49:32,017 DEBUG   : 连接池初始化完成
2018-10-28 11:14:07,626 DEBUG   : 连接池初始化完成
2018-10-28 11:14:07,626 DEBUG   : 连接池初始化完成
2018-10-28 11:14:11,603 DEBUG   : 连接池初始化完成
2018-10-28 11:14:11,603 DEBUG   : 连接池初始化完成
2018-10-28 11:16:19,774 DEBUG   : 连接池初始化完成
2018-10-28 11:16:19,774 DEBUG   : 连接池初始化完成
2018-10-28 11:16:20,047 INFO    : into 
2018-10-28 11:16:20,047 INFO    : into 
2018-10-28 11:16:20,053 INFO    : into 
2018-10-28 11:16:20,053 INFO    : into 
2018-10-28 11:16:20,056 INFO    : into 
2018-10-28 11:16:20,056 INFO    : into 
2018-10-28 11:16:20,067 INFO    : into 
2018-10-28 11:16:20,067 INFO    : into 
2018-10-28 11:16:20,070 INFO    : into 
2018-10-28 11:16:20,070 INFO    : into 
2018-10-28 11:16:20,072 INFO    : into 
2018-10-28 11:16:20,072 INFO    : into 
2018-10-28 11:16:20,355 INFO    : into 
2018-10-28 11:16:20,355 INFO    : into 
2018-10-28 11:16:20,355 INFO    : into 
2018-10-28 11:16:20,355 INFO    : into 
2018-10-28 11:16:20,370 INFO    : into 
2018-10-28 11:16:20,370 INFO    : into 
2018-10-28 11:16:20,370 INFO    : into 
2018-10-28 11:16:20,370 INFO    : into 
2018-10-28 11:16:20,370 INFO    : into 
2018-10-28 11:16:20,370 INFO    : into 
2018-10-28 11:16:20,386 INFO    : into 
2018-10-28 11:16:20,386 INFO    : into 
2018-10-28 11:16:20,668 INFO    : into 
2018-10-28 11:16:20,668 INFO    : into 
2018-10-28 11:16:20,668 INFO    : into 
2018-10-28 11:16:20,668 INFO    : into 
2018-10-28 11:16:20,684 INFO    : into 
2018-10-28 11:16:20,684 INFO    : into 
2018-10-28 11:16:20,684 INFO    : into 
2018-10-28 11:16:20,684 INFO    : into 
2018-10-28 11:16:20,699 INFO    : into 
2018-10-28 11:16:20,699 INFO    : into 
2018-10-28 11:16:20,699 INFO    : into 
2018-10-28 11:16:20,699 INFO    : into 
2018-10-28 11:16:20,982 INFO    : into 
2018-10-28 11:16:20,982 INFO    : into 
2018-10-28 11:16:20,982 INFO    : into 
2018-10-28 11:16:20,982 INFO    : into 
2018-10-28 11:16:21,013 INFO    : into 
2018-10-28 11:16:21,013 INFO    : into 
2018-10-28 11:16:21,013 INFO    : into 
2018-10-28 11:16:21,013 INFO    : into 
2018-10-28 11:16:21,029 INFO    : into 
2018-10-28 11:16:21,029 INFO    : into 
2018-10-28 11:16:21,031 INFO    : into 
2018-10-28 11:16:21,031 INFO    : into 
2018-10-28 11:16:21,304 INFO    : into 
2018-10-28 11:16:21,304 INFO    : into 
2018-10-28 11:16:21,304 INFO    : into 
2018-10-28 11:16:21,304 INFO    : into 
2018-10-28 11:16:21,338 INFO    : into 
2018-10-28 11:16:21,338 INFO    : into 
2018-10-28 11:16:21,340 INFO    : into 
2018-10-28 11:16:21,340 INFO    : into 
2018-10-28 11:16:21,344 INFO    : into 
2018-10-28 11:16:21,344 INFO    : into 
2018-10-28 11:16:21,347 INFO    : into 
2018-10-28 11:16:21,347 INFO    : into 
2018-10-28 11:16:21,613 INFO    : into 
2018-10-28 11:16:21,613 INFO    : into 
2018-10-28 11:16:21,613 INFO    : into 
2018-10-28 11:16:21,613 INFO    : into 
2018-10-28 11:16:21,650 INFO    : into 
2018-10-28 11:16:21,650 INFO    : into 
2018-10-28 11:16:21,653 INFO    : into 
2018-10-28 11:16:21,653 INFO    : into 
2018-10-28 11:16:21,655 INFO    : into 
2018-10-28 11:16:21,655 INFO    : into 
2018-10-28 11:16:21,658 INFO    : into 
2018-10-28 11:16:21,658 INFO    : into 
2018-10-28 11:16:21,928 INFO    : into 
2018-10-28 11:16:21,928 INFO    : into 
2018-10-28 11:16:21,928 INFO    : into 
2018-10-28 11:16:21,928 INFO    : into 
2018-10-28 11:16:21,963 INFO    : into 
2018-10-28 11:16:21,963 INFO    : into 
2018-10-28 11:16:21,967 INFO    : into 
2018-10-28 11:16:21,967 INFO    : into 
2018-10-28 11:16:21,969 INFO    : into 
2018-10-28 11:16:21,969 INFO    : into 
2018-10-28 11:16:21,971 INFO    : into 
2018-10-28 11:16:21,971 INFO    : into 
2018-10-28 11:16:22,232 INFO    : into 
2018-10-28 11:16:22,232 INFO    : into 
2018-10-28 11:16:22,232 INFO    : into 
2018-10-28 11:16:22,232 INFO    : into 
2018-10-28 11:16:22,269 INFO    : into 
2018-10-28 11:16:22,269 INFO    : into 
2018-10-28 11:16:22,275 INFO    : into 
2018-10-28 11:16:22,275 INFO    : into 
2018-10-28 11:16:22,279 INFO    : into 
2018-10-28 11:16:22,279 INFO    : into 
2018-10-28 11:16:22,282 INFO    : into 
2018-10-28 11:16:22,282 INFO    : into 
2018-10-28 11:16:22,548 INFO    : into 
2018-10-28 11:16:22,548 INFO    : into 
2018-10-28 11:16:22,548 INFO    : into 
2018-10-28 11:16:22,548 INFO    : into 
2018-10-28 11:16:22,584 INFO    : into 
2018-10-28 11:16:22,584 INFO    : into 
2018-10-28 11:16:22,590 INFO    : into 
2018-10-28 11:16:22,590 INFO    : into 
2018-10-28 11:16:22,591 INFO    : into 
2018-10-28 11:16:22,591 INFO    : into 
2018-10-28 11:16:22,593 INFO    : into 
2018-10-28 11:16:22,593 INFO    : into 
2018-10-28 11:16:22,872 INFO    : into 
2018-10-28 11:16:22,872 INFO    : into 
2018-10-28 11:16:22,872 INFO    : into 
2018-10-28 11:16:22,872 INFO    : into 
2018-10-28 11:16:22,888 INFO    : into 
2018-10-28 11:16:22,888 INFO    : into 
2018-10-28 11:16:22,888 INFO    : into 
2018-10-28 11:16:22,888 INFO    : into 
2018-10-28 11:16:22,903 INFO    : into 
2018-10-28 11:16:22,903 INFO    : into 
2018-10-28 11:16:22,905 INFO    : into 
2018-10-28 11:16:22,905 INFO    : into 
2018-10-28 11:16:23,192 INFO    : into 
2018-10-28 11:16:23,192 INFO    : into 
2018-10-28 11:16:23,192 INFO    : into 
2018-10-28 11:16:23,192 INFO    : into 
2018-10-28 11:16:23,207 INFO    : into 
2018-10-28 11:16:23,207 INFO    : into 
2018-10-28 11:16:23,207 INFO    : into 
2018-10-28 11:16:23,207 INFO    : into 
2018-10-28 11:16:23,207 INFO    : into 
2018-10-28 11:16:23,207 INFO    : into 
2018-10-28 11:16:23,225 INFO    : into 
2018-10-28 11:16:23,225 INFO    : into 
2018-10-28 11:16:23,509 INFO    : into 
2018-10-28 11:16:23,509 INFO    : into 
2018-10-28 11:16:23,509 INFO    : into 
2018-10-28 11:16:23,509 INFO    : into 
2018-10-28 11:16:23,525 INFO    : into 
2018-10-28 11:16:23,525 INFO    : into 
2018-10-28 11:16:23,525 INFO    : into 
2018-10-28 11:16:23,525 INFO    : into 
2018-10-28 11:16:23,525 INFO    : into 
2018-10-28 11:16:23,525 INFO    : into 
2018-10-28 11:16:23,540 INFO    : into 
2018-10-28 11:16:23,540 INFO    : into 
2018-10-28 11:16:23,828 INFO    : into 
2018-10-28 11:16:23,828 INFO    : into 
2018-10-28 11:16:23,828 INFO    : into 
2018-10-28 11:16:23,828 INFO    : into 
2018-10-28 11:16:23,828 INFO    : into 
2018-10-28 11:16:23,828 INFO    : into 
2018-10-28 11:16:23,843 INFO    : into 
2018-10-28 11:16:23,843 INFO    : into 
2018-10-28 11:16:23,843 INFO    : into 
2018-10-28 11:16:23,843 INFO    : into 
2018-10-28 11:16:23,860 INFO    : into 
2018-10-28 11:16:23,860 INFO    : into 
2018-10-28 11:16:24,137 INFO    : into 
2018-10-28 11:16:24,137 INFO    : into 
2018-10-28 11:16:24,141 INFO    : into 
2018-10-28 11:16:24,141 INFO    : into 
2018-10-28 11:16:24,149 INFO    : into 
2018-10-28 11:16:24,149 INFO    : into 
2018-10-28 11:16:24,153 INFO    : into 
2018-10-28 11:16:24,153 INFO    : into 
2018-10-28 11:16:24,162 INFO    : into 
2018-10-28 11:16:24,162 INFO    : into 
2018-10-28 11:16:24,166 INFO    : into 
2018-10-28 11:16:24,166 INFO    : into 
2018-10-28 11:16:24,448 INFO    : into 
2018-10-28 11:16:24,448 INFO    : into 
2018-10-28 11:16:24,448 INFO    : into 
2018-10-28 11:16:24,448 INFO    : into 
2018-10-28 11:16:24,448 INFO    : into 
2018-10-28 11:16:24,448 INFO    : into 
2018-10-28 11:16:24,464 INFO    : into 
2018-10-28 11:16:24,464 INFO    : into 
2018-10-28 11:16:24,464 INFO    : into 
2018-10-28 11:16:24,464 INFO    : into 
2018-10-28 11:16:24,479 INFO    : into 
2018-10-28 11:16:24,479 INFO    : into 
2018-10-28 11:16:24,765 INFO    : into 
2018-10-28 11:16:24,765 INFO    : into 
2018-10-28 11:16:24,765 INFO    : into 
2018-10-28 11:16:24,765 INFO    : into 
2018-10-28 11:16:24,765 INFO    : into 
2018-10-28 11:16:24,765 INFO    : into 
2018-10-28 11:16:24,781 INFO    : into 
2018-10-28 11:16:24,781 INFO    : into 
2018-10-28 11:16:24,781 INFO    : into 
2018-10-28 11:16:24,781 INFO    : into 
2018-10-28 11:16:24,781 INFO    : into 
2018-10-28 11:16:24,781 INFO    : into 
2018-10-28 11:16:25,074 INFO    : into 
2018-10-28 11:16:25,074 INFO    : into 
2018-10-28 11:16:25,080 INFO    : into 
2018-10-28 11:16:25,080 INFO    : into 
2018-10-28 11:16:25,081 INFO    : into 
2018-10-28 11:16:25,081 INFO    : into 
2018-10-28 11:16:25,081 INFO    : into 
2018-10-28 11:16:25,081 INFO    : into 
2018-10-28 11:16:25,081 INFO    : into 
2018-10-28 11:16:25,081 INFO    : into 
2018-10-28 11:16:25,081 INFO    : into 
2018-10-28 11:16:25,081 INFO    : into 
2018-10-28 11:16:25,385 INFO    : into 
2018-10-28 11:16:25,385 INFO    : into 
2018-10-28 11:16:25,385 INFO    : into 
2018-10-28 11:16:25,385 INFO    : into 
2018-10-28 11:16:25,385 INFO    : into 
2018-10-28 11:16:25,385 INFO    : into 
2018-10-28 11:16:25,401 INFO    : into 
2018-10-28 11:16:25,401 INFO    : into 
2018-10-28 11:16:25,401 INFO    : into 
2018-10-28 11:16:25,401 INFO    : into 
2018-10-28 11:16:25,401 INFO    : into 
2018-10-28 11:16:25,401 INFO    : into 
2018-10-28 11:16:25,708 INFO    : into 
2018-10-28 11:16:25,708 INFO    : into 
2018-10-28 11:16:25,708 INFO    : into 
2018-10-28 11:16:25,708 INFO    : into 
2018-10-28 11:16:25,708 INFO    : into 
2018-10-28 11:16:25,708 INFO    : into 
2018-10-28 11:16:25,708 INFO    : into 
2018-10-28 11:16:25,708 INFO    : into 
2018-10-28 11:16:25,724 INFO    : into 
2018-10-28 11:16:25,724 INFO    : into 
2018-10-28 11:16:25,724 INFO    : into 
2018-10-28 11:16:25,724 INFO    : into 
2018-10-28 11:16:26,043 INFO    : into 
2018-10-28 11:16:26,043 INFO    : into 
2018-10-28 11:16:26,047 INFO    : into 
2018-10-28 11:16:26,047 INFO    : into 
2018-10-28 11:16:26,049 INFO    : into 
2018-10-28 11:16:26,049 INFO    : into 
2018-10-28 11:16:26,051 INFO    : into 
2018-10-28 11:16:26,051 INFO    : into 
2018-10-28 11:16:26,052 INFO    : into 
2018-10-28 11:16:26,052 INFO    : into 
2018-10-28 11:16:26,054 INFO    : into 
2018-10-28 11:16:26,054 INFO    : into 
2018-10-28 11:16:26,352 INFO    : into 
2018-10-28 11:16:26,352 INFO    : into 
2018-10-28 11:16:26,352 INFO    : into 
2018-10-28 11:16:26,352 INFO    : into 
2018-10-28 11:16:26,368 INFO    : into 
2018-10-28 11:16:26,368 INFO    : into 
2018-10-28 11:16:26,368 INFO    : into 
2018-10-28 11:16:26,368 INFO    : into 
2018-10-28 11:16:26,368 INFO    : into 
2018-10-28 11:16:26,368 INFO    : into 
2018-10-28 11:16:26,368 INFO    : into 
2018-10-28 11:16:26,368 INFO    : into 
2018-10-28 11:16:26,662 INFO    : into 
2018-10-28 11:16:26,662 INFO    : into 
2018-10-28 11:16:26,677 INFO    : into 
2018-10-28 11:16:26,677 INFO    : into 
2018-10-28 11:16:26,677 INFO    : into 
2018-10-28 11:16:26,677 INFO    : into 
2018-10-28 11:16:26,677 INFO    : into 
2018-10-28 11:16:26,677 INFO    : into 
2018-10-28 11:16:26,693 INFO    : into 
2018-10-28 11:16:26,693 INFO    : into 
2018-10-28 11:16:26,693 INFO    : into 
2018-10-28 11:16:26,693 INFO    : into 
2018-10-28 11:16:26,988 INFO    : into 
2018-10-28 11:16:26,988 INFO    : into 
2018-10-28 11:16:26,988 INFO    : into 
2018-10-28 11:16:26,988 INFO    : into 
2018-10-28 11:16:27,003 INFO    : into 
2018-10-28 11:16:27,003 INFO    : into 
2018-10-28 11:16:27,003 INFO    : into 
2018-10-28 11:16:27,003 INFO    : into 
2018-10-28 11:16:27,003 INFO    : into 
2018-10-28 11:16:27,003 INFO    : into 
2018-10-28 11:16:27,003 INFO    : into 
2018-10-28 11:16:27,003 INFO    : into 
2018-10-28 11:16:27,308 INFO    : into 
2018-10-28 11:16:27,308 INFO    : into 
2018-10-28 11:16:27,308 INFO    : into 
2018-10-28 11:16:27,308 INFO    : into 
2018-10-28 11:16:27,324 INFO    : into 
2018-10-28 11:16:27,324 INFO    : into 
2018-10-28 11:16:27,324 INFO    : into 
2018-10-28 11:16:27,324 INFO    : into 
2018-10-28 11:16:27,324 INFO    : into 
2018-10-28 11:16:27,324 INFO    : into 
2018-10-28 11:16:27,324 INFO    : into 
2018-10-28 11:16:27,324 INFO    : into 
2018-10-28 11:16:27,628 INFO    : into 
2018-10-28 11:16:27,628 INFO    : into 
2018-10-28 11:16:27,628 INFO    : into 
2018-10-28 11:16:27,628 INFO    : into 
2018-10-28 11:16:27,644 INFO    : into 
2018-10-28 11:16:27,644 INFO    : into 
2018-10-28 11:16:27,644 INFO    : into 
2018-10-28 11:16:27,644 INFO    : into 
2018-10-28 11:16:27,644 INFO    : into 
2018-10-28 11:16:27,644 INFO    : into 
2018-10-28 11:16:27,659 INFO    : into 
2018-10-28 11:16:27,659 INFO    : into 
2018-10-28 11:16:27,948 INFO    : into 
2018-10-28 11:16:27,948 INFO    : into 
2018-10-28 11:16:27,948 INFO    : into 
2018-10-28 11:16:27,948 INFO    : into 
2018-10-28 11:16:27,964 INFO    : into 
2018-10-28 11:16:27,964 INFO    : into 
2018-10-28 11:16:27,964 INFO    : into 
2018-10-28 11:16:27,964 INFO    : into 
2018-10-28 11:16:27,964 INFO    : into 
2018-10-28 11:16:27,964 INFO    : into 
2018-10-28 11:16:27,979 INFO    : into 
2018-10-28 11:16:27,979 INFO    : into 
2018-10-28 11:16:28,264 INFO    : into 
2018-10-28 11:16:28,264 INFO    : into 
2018-10-28 11:16:28,264 INFO    : into 
2018-10-28 11:16:28,264 INFO    : into 
2018-10-28 11:16:28,280 INFO    : into 
2018-10-28 11:16:28,280 INFO    : into 
2018-10-28 11:16:28,280 INFO    : into 
2018-10-28 11:16:28,280 INFO    : into 
2018-10-28 11:16:28,295 INFO    : into 
2018-10-28 11:16:28,295 INFO    : into 
2018-10-28 11:16:28,295 INFO    : into 
2018-10-28 11:16:28,295 INFO    : into 
2018-10-28 11:16:28,584 INFO    : into 
2018-10-28 11:16:28,584 INFO    : into 
2018-10-28 11:16:28,584 INFO    : into 
2018-10-28 11:16:28,584 INFO    : into 
2018-10-28 11:16:28,599 INFO    : into 
2018-10-28 11:16:28,599 INFO    : into 
2018-10-28 11:16:28,599 INFO    : into 
2018-10-28 11:16:28,599 INFO    : into 
2018-10-28 11:16:28,599 INFO    : into 
2018-10-28 11:16:28,599 INFO    : into 
2018-10-28 11:16:28,615 INFO    : into 
2018-10-28 11:16:28,615 INFO    : into 
2018-10-28 11:16:28,909 INFO    : into 
2018-10-28 11:16:28,909 INFO    : into 
2018-10-28 11:16:28,909 INFO    : into 
2018-10-28 11:16:28,909 INFO    : into 
2018-10-28 11:16:28,909 INFO    : into 
2018-10-28 11:16:28,909 INFO    : into 
2018-10-28 11:16:28,924 INFO    : into 
2018-10-28 11:16:28,924 INFO    : into 
2018-10-28 11:16:28,924 INFO    : into 
2018-10-28 11:16:28,924 INFO    : into 
2018-10-28 11:16:28,924 INFO    : into 
2018-10-28 11:16:28,924 INFO    : into 
2018-10-28 11:16:29,224 INFO    : into 
2018-10-28 11:16:29,224 INFO    : into 
2018-10-28 11:16:29,224 INFO    : into 
2018-10-28 11:16:29,224 INFO    : into 
2018-10-28 11:16:29,224 INFO    : into 
2018-10-28 11:16:29,224 INFO    : into 
2018-10-28 11:16:29,224 INFO    : into 
2018-10-28 11:16:29,224 INFO    : into 
2018-10-28 11:16:29,240 INFO    : into 
2018-10-28 11:16:29,240 INFO    : into 
2018-10-28 11:16:29,240 INFO    : into 
2018-10-28 11:16:29,240 INFO    : into 
2018-10-28 11:16:29,544 INFO    : into 
2018-10-28 11:16:29,544 INFO    : into 
2018-10-28 11:16:29,544 INFO    : into 
2018-10-28 11:16:29,544 INFO    : into 
2018-10-28 11:16:29,544 INFO    : into 
2018-10-28 11:16:29,544 INFO    : into 
2018-10-28 11:16:29,560 INFO    : into 
2018-10-28 11:16:29,560 INFO    : into 
2018-10-28 11:16:29,560 INFO    : into 
2018-10-28 11:16:29,560 INFO    : into 
2018-10-28 11:16:29,576 INFO    : into 
2018-10-28 11:16:29,576 INFO    : into 
2018-10-28 11:16:29,868 INFO    : into 
2018-10-28 11:16:29,868 INFO    : into 
2018-10-28 11:16:29,868 INFO    : into 
2018-10-28 11:16:29,868 INFO    : into 
2018-10-28 11:16:29,868 INFO    : into 
2018-10-28 11:16:29,868 INFO    : into 
2018-10-28 11:16:29,883 INFO    : into 
2018-10-28 11:16:29,883 INFO    : into 
2018-10-28 11:16:29,883 INFO    : into 
2018-10-28 11:16:29,883 INFO    : into 
2018-10-28 11:16:29,883 INFO    : into 
2018-10-28 11:16:29,883 INFO    : into 
2018-10-28 11:16:30,179 INFO    : into 
2018-10-28 11:16:30,179 INFO    : into 
2018-10-28 11:16:30,179 INFO    : into 
2018-10-28 11:16:30,179 INFO    : into 
2018-10-28 11:16:30,195 INFO    : into 
2018-10-28 11:16:30,195 INFO    : into 
2018-10-28 11:16:30,195 INFO    : into 
2018-10-28 11:16:30,195 INFO    : into 
2018-10-28 11:16:30,195 INFO    : into 
2018-10-28 11:16:30,195 INFO    : into 
2018-10-28 11:16:30,211 INFO    : into 
2018-10-28 11:16:30,211 INFO    : into 
2018-10-28 11:16:30,489 INFO    : into 
2018-10-28 11:16:30,489 INFO    : into 
2018-10-28 11:16:30,489 INFO    : into 
2018-10-28 11:16:30,489 INFO    : into 
2018-10-28 11:16:30,504 INFO    : into 
2018-10-28 11:16:30,504 INFO    : into 
2018-10-28 11:16:30,504 INFO    : into 
2018-10-28 11:16:30,504 INFO    : into 
2018-10-28 11:16:30,521 INFO    : into 
2018-10-28 11:16:30,521 INFO    : into 
2018-10-28 11:16:30,523 INFO    : into 
2018-10-28 11:16:30,523 INFO    : into 
2018-10-28 11:16:30,809 INFO    : into 
2018-10-28 11:16:30,809 INFO    : into 
2018-10-28 11:16:30,809 INFO    : into 
2018-10-28 11:16:30,809 INFO    : into 
2018-10-28 11:16:30,824 INFO    : into 
2018-10-28 11:16:30,824 INFO    : into 
2018-10-28 11:16:30,824 INFO    : into 
2018-10-28 11:16:30,824 INFO    : into 
2018-10-28 11:16:30,824 INFO    : into 
2018-10-28 11:16:30,824 INFO    : into 
2018-10-28 11:16:30,824 INFO    : into 
2018-10-28 11:16:30,824 INFO    : into 
2018-10-28 11:16:31,121 INFO    : into 
2018-10-28 11:16:31,121 INFO    : into 
2018-10-28 11:16:31,137 INFO    : into 
2018-10-28 11:16:31,137 INFO    : into 
2018-10-28 11:16:31,137 INFO    : into 
2018-10-28 11:16:31,137 INFO    : into 
2018-10-28 11:16:31,152 INFO    : into 
2018-10-28 11:16:31,152 INFO    : into 
2018-10-28 11:16:31,158 INFO    : into 
2018-10-28 11:16:31,158 INFO    : into 
2018-10-28 11:16:31,160 INFO    : into 
2018-10-28 11:16:31,160 INFO    : into 
2018-10-28 11:16:31,444 INFO    : into 
2018-10-28 11:16:31,444 INFO    : into 
2018-10-28 11:16:31,460 INFO    : into 
2018-10-28 11:16:31,460 INFO    : into 
2018-10-28 11:16:31,460 INFO    : into 
2018-10-28 11:16:31,460 INFO    : into 
2018-10-28 11:16:31,460 INFO    : into 
2018-10-28 11:16:31,460 INFO    : into 
2018-10-28 11:16:31,460 INFO    : into 
2018-10-28 11:16:31,460 INFO    : into 
2018-10-28 11:16:31,460 INFO    : into 
2018-10-28 11:16:31,460 INFO    : into 
2018-10-28 11:16:31,748 INFO    : into 
2018-10-28 11:16:31,748 INFO    : into 
2018-10-28 11:16:31,779 INFO    : into 
2018-10-28 11:16:31,779 INFO    : into 
2018-10-28 11:16:31,779 INFO    : into 
2018-10-28 11:16:31,779 INFO    : into 
2018-10-28 11:16:31,779 INFO    : into 
2018-10-28 11:16:31,779 INFO    : into 
2018-10-28 11:16:31,779 INFO    : into 
2018-10-28 11:16:31,779 INFO    : into 
2018-10-28 11:16:31,779 INFO    : into 
2018-10-28 11:16:31,779 INFO    : into 
2018-10-28 11:16:32,056 INFO    : into 
2018-10-28 11:16:32,056 INFO    : into 
2018-10-28 11:16:32,088 INFO    : into 
2018-10-28 11:16:32,088 INFO    : into 
2018-10-28 11:16:32,093 INFO    : into 
2018-10-28 11:16:32,093 INFO    : into 
2018-10-28 11:16:32,100 INFO    : into 
2018-10-28 11:16:32,100 INFO    : into 
2018-10-28 11:16:32,102 INFO    : into 
2018-10-28 11:16:32,102 INFO    : into 
2018-10-28 11:16:32,104 INFO    : into 
2018-10-28 11:16:32,104 INFO    : into 
2018-10-28 11:16:32,364 INFO    : into 
2018-10-28 11:16:32,364 INFO    : into 
2018-10-28 11:16:32,380 INFO    : into 
2018-10-28 11:16:32,380 INFO    : into 
2018-10-28 11:16:32,399 INFO    : into 
2018-10-28 11:16:32,399 INFO    : into 
2018-10-28 11:16:32,405 INFO    : into 
2018-10-28 11:16:32,405 INFO    : into 
2018-10-28 11:16:32,409 INFO    : into 
2018-10-28 11:16:32,409 INFO    : into 
2018-10-28 11:16:32,413 INFO    : into 
2018-10-28 11:16:32,413 INFO    : into 
2018-10-28 11:16:36,395 DEBUG   : 连接池初始化完成
2018-10-28 11:16:36,395 DEBUG   : 连接池初始化完成
2018-10-28 11:16:40,217 INFO    : into
2018-10-28 11:16:40,217 INFO    : into
2018-10-28 11:16:41,253 INFO    : into
2018-10-28 11:16:41,253 INFO    : into
2018-10-28 11:16:42,214 INFO    : into
2018-10-28 11:16:42,214 INFO    : into
2018-10-28 11:16:43,222 INFO    : into
2018-10-28 11:16:43,222 INFO    : into
2018-10-28 11:16:44,533 INFO    : into
2018-10-28 11:16:44,533 INFO    : into
2018-10-28 11:16:45,228 INFO    : into
2018-10-28 11:16:45,228 INFO    : into
2018-10-28 11:16:46,553 INFO    : into
2018-10-28 11:16:46,553 INFO    : into
2018-10-28 11:16:47,232 INFO    : into
2018-10-28 11:16:47,232 INFO    : into
2018-10-28 11:16:48,549 INFO    : into
2018-10-28 11:16:48,549 INFO    : into
2018-10-28 11:16:49,221 INFO    : into
2018-10-28 11:16:49,221 INFO    : into
2018-10-28 11:16:50,553 INFO    : into
2018-10-28 11:16:50,553 INFO    : into
2018-10-28 11:16:51,218 INFO    : into
2018-10-28 11:16:51,218 INFO    : into
2018-10-28 11:16:52,538 INFO    : into
2018-10-28 11:16:52,538 INFO    : into
2018-10-28 11:16:53,228 INFO    : into
2018-10-28 11:16:53,228 INFO    : into
2018-10-28 11:16:54,538 INFO    : into
2018-10-28 11:16:54,538 INFO    : into
2018-10-28 11:16:55,217 INFO    : into
2018-10-28 11:16:55,217 INFO    : into
2018-10-28 11:16:56,533 INFO    : into
2018-10-28 11:16:56,533 INFO    : into
2018-10-28 11:16:57,221 INFO    : into
2018-10-28 11:16:57,221 INFO    : into
2018-10-28 11:16:58,539 INFO    : into
2018-10-28 11:16:58,539 INFO    : into
2018-10-28 11:16:59,228 INFO    : into
2018-10-28 11:16:59,228 INFO    : into
2018-10-28 11:17:00,527 INFO    : into
2018-10-28 11:17:00,527 INFO    : into
2018-10-28 11:17:01,221 INFO    : into
2018-10-28 11:17:01,221 INFO    : into
2018-10-28 11:17:02,054 INFO    : into
2018-10-28 11:17:02,054 INFO    : into
2018-10-28 11:17:07,380 INFO    : into
2018-10-28 11:17:07,380 INFO    : into
2018-10-28 11:17:12,061 INFO    : into
2018-10-28 11:17:12,061 INFO    : into
2018-10-28 11:17:17,374 INFO    : into
2018-10-28 11:17:17,374 INFO    : into
2018-10-28 11:17:22,051 INFO    : into
2018-10-28 11:17:22,051 INFO    : into
2018-10-28 11:17:27,379 INFO    : into
2018-10-28 11:17:27,379 INFO    : into
2018-10-28 11:17:32,483 INFO    : into
2018-10-28 11:17:32,483 INFO    : into
2018-10-28 11:17:37,801 INFO    : into
2018-10-28 11:17:37,801 INFO    : into
2018-10-28 11:17:42,488 INFO    : into
2018-10-28 11:17:42,488 INFO    : into
2018-10-28 11:17:47,803 INFO    : into
2018-10-28 11:17:47,803 INFO    : into
2018-10-28 11:17:52,492 INFO    : into
2018-10-28 11:17:52,492 INFO    : into
2018-10-28 11:17:57,801 INFO    : into
2018-10-28 11:17:57,801 INFO    : into
2018-10-28 11:18:02,485 INFO    : into
2018-10-28 11:18:02,485 INFO    : into
2018-10-28 11:18:07,788 INFO    : into
2018-10-28 11:18:07,788 INFO    : into
2018-10-28 11:18:12,481 INFO    : into
2018-10-28 11:18:12,481 INFO    : into
2018-10-28 11:18:17,798 INFO    : into
2018-10-28 11:18:17,798 INFO    : into
2018-10-28 11:18:22,501 INFO    : into
2018-10-28 11:18:22,501 INFO    : into
2018-10-28 11:18:27,805 INFO    : into
2018-10-28 11:18:27,805 INFO    : into
2018-10-28 11:18:32,486 INFO    : into
2018-10-28 11:18:32,486 INFO    : into
2018-10-28 11:18:37,803 INFO    : into
2018-10-28 11:18:37,803 INFO    : into
2018-10-28 11:18:42,484 INFO    : into
2018-10-28 11:18:42,484 INFO    : into
2018-10-28 11:18:47,818 INFO    : into
2018-10-28 11:18:47,818 INFO    : into
2018-10-28 11:18:52,483 INFO    : into
2018-10-28 11:18:52,483 INFO    : into
2018-10-28 11:18:57,808 INFO    : into
2018-10-28 11:18:57,808 INFO    : into
2018-10-28 11:19:02,486 INFO    : into
2018-10-28 11:19:02,486 INFO    : into
2018-10-28 11:19:07,800 INFO    : into
2018-10-28 11:19:07,800 INFO    : into
2018-10-28 11:19:12,509 INFO    : into
2018-10-28 11:19:12,509 INFO    : into
2018-10-28 11:19:17,805 INFO    : into
2018-10-28 11:19:17,805 INFO    : into
2018-10-28 11:19:22,492 INFO    : into
2018-10-28 11:19:22,492 INFO    : into
2018-10-28 11:19:27,796 INFO    : into
2018-10-28 11:19:27,796 INFO    : into
2018-10-28 11:19:32,507 INFO    : into
2018-10-28 11:19:32,507 INFO    : into
2018-10-28 11:19:37,803 INFO    : into
2018-10-28 11:19:37,803 INFO    : into
2018-10-28 11:19:42,495 INFO    : into
2018-10-28 11:19:42,495 INFO    : into
2018-10-28 11:19:47,799 INFO    : into
2018-10-28 11:19:47,799 INFO    : into
2018-10-28 11:19:52,482 INFO    : into
2018-10-28 11:19:52,482 INFO    : into
2018-10-28 11:19:57,805 INFO    : into
2018-10-28 11:19:57,805 INFO    : into
2018-10-28 11:20:02,494 INFO    : into
2018-10-28 11:20:02,494 INFO    : into
2018-10-28 11:20:07,809 INFO    : into
2018-10-28 11:20:07,809 INFO    : into
2018-10-28 11:20:12,485 INFO    : into
2018-10-28 11:20:12,485 INFO    : into
2018-10-28 11:20:17,800 INFO    : into
2018-10-28 11:20:17,800 INFO    : into
2018-10-28 11:20:22,496 INFO    : into
2018-10-28 11:20:22,496 INFO    : into
2018-10-28 11:20:27,800 INFO    : into
2018-10-28 11:20:27,800 INFO    : into
2018-10-28 11:20:32,494 INFO    : into
2018-10-28 11:20:32,494 INFO    : into
2018-10-28 11:20:37,798 INFO    : into
2018-10-28 11:20:37,798 INFO    : into
2018-10-28 11:20:42,492 INFO    : into
2018-10-28 11:20:42,492 INFO    : into
2018-10-28 11:21:45,733 DEBUG   : 连接池初始化完成
2018-10-28 11:21:45,733 DEBUG   : 连接池初始化完成
2018-10-28 11:23:35,962 DEBUG   : 连接池初始化完成
2018-10-28 11:23:35,962 DEBUG   : 连接池初始化完成
2018-10-28 11:23:39,191 DEBUG   : 连接池初始化完成
2018-10-28 11:23:39,191 DEBUG   : 连接池初始化完成
2018-10-28 11:24:57,385 DEBUG   : 连接池初始化完成
2018-10-28 11:24:57,385 DEBUG   : 连接池初始化完成
2018-10-28 11:25:56,731 DEBUG   : 连接池初始化完成
2018-10-28 11:25:56,731 DEBUG   : 连接池初始化完成
2018-10-28 11:25:59,683 DEBUG   : 连接池初始化完成
2018-10-28 11:25:59,683 DEBUG   : 连接池初始化完成
2018-10-28 11:26:19,828 DEBUG   : 连接池初始化完成
2018-10-28 11:26:19,828 DEBUG   : 连接池初始化完成
2018-10-28 11:26:21,308 DEBUG   : b''
2018-10-28 11:26:21,308 DEBUG   : b''
2018-10-28 11:26:21,309 DEBUG   : None
2018-10-28 11:26:21,309 DEBUG   : None
2018-10-28 11:30:38,015 DEBUG   : 连接池初始化完成
2018-10-28 11:30:38,015 DEBUG   : 连接池初始化完成
2018-10-28 11:30:38,600 DEBUG   : b''
2018-10-28 11:30:38,600 DEBUG   : b''
2018-10-28 11:30:51,328 DEBUG   : 连接池初始化完成
2018-10-28 11:30:51,328 DEBUG   : 连接池初始化完成
2018-10-28 11:30:51,673 DEBUG   : None
2018-10-28 11:30:51,673 DEBUG   : None
2018-10-28 11:30:51,674 DEBUG   : b''
2018-10-28 11:30:51,674 DEBUG   : b''
2018-10-28 11:32:09,109 DEBUG   : 连接池初始化完成
2018-10-28 11:32:09,109 DEBUG   : 连接池初始化完成
2018-10-28 11:32:09,484 DEBUG   : None
2018-10-28 11:32:09,484 DEBUG   : None
2018-10-28 11:32:09,484 DEBUG   : b''
2018-10-28 11:32:09,484 DEBUG   : b''
2018-10-28 11:32:46,871 DEBUG   : 连接池初始化完成
2018-10-28 11:32:46,871 DEBUG   : 连接池初始化完成
2018-10-28 11:32:50,449 DEBUG   : 连接池初始化完成
2018-10-28 11:32:50,449 DEBUG   : 连接池初始化完成
2018-10-28 11:32:54,015 DEBUG   : None
2018-10-28 11:32:54,015 DEBUG   : None
2018-10-28 11:32:54,017 DEBUG   : b''
2018-10-28 11:32:54,017 DEBUG   : b''
2018-10-28 11:32:54,017 DEBUG   : ImmutableMultiDict([('page_num', '1'), ('page_size', '22'), ('total', '0')])
2018-10-28 11:32:54,017 DEBUG   : ImmutableMultiDict([('page_num', '1'), ('page_size', '22'), ('total', '0')])
2018-10-28 11:44:47,754 DEBUG   : 连接池初始化完成
2018-10-28 11:44:47,754 DEBUG   : 连接池初始化完成
2018-10-28 11:44:52,781 DEBUG   : 连接池初始化完成
2018-10-28 11:44:52,781 DEBUG   : 连接池初始化完成
2018-10-28 11:58:11,555 DEBUG   : 连接池初始化完成
2018-10-28 11:58:11,555 DEBUG   : 连接池初始化完成
2018-10-28 11:58:14,221 DEBUG   : 连接池初始化完成
2018-10-28 11:58:14,221 DEBUG   : 连接池初始化完成
2018-10-28 12:01:32,271 DEBUG   : 连接池初始化完成
2018-10-28 12:01:32,271 DEBUG   : 连接池初始化完成
2018-10-28 12:01:35,270 DEBUG   : 连接池初始化完成
2018-10-28 12:01:35,270 DEBUG   : 连接池初始化完成
2018-10-28 12:03:55,021 DEBUG   : 连接池初始化完成
2018-10-28 12:03:55,021 DEBUG   : 连接池初始化完成
2018-10-28 12:07:02,928 DEBUG   : 连接池初始化完成
2018-10-28 12:07:02,928 DEBUG   : 连接池初始化完成
2018-10-28 12:07:06,491 DEBUG   : 连接池初始化完成
2018-10-28 12:07:06,491 DEBUG   : 连接池初始化完成
2018-10-28 12:08:09,709 DEBUG   : 连接池初始化完成
2018-10-28 12:08:09,709 DEBUG   : 连接池初始化完成
2018-10-28 12:08:12,631 DEBUG   : 连接池初始化完成
2018-10-28 12:08:12,631 DEBUG   : 连接池初始化完成
2018-10-28 12:11:12,210 DEBUG   : 连接池初始化完成
2018-10-28 12:11:12,210 DEBUG   : 连接池初始化完成
2018-10-28 12:11:14,867 DEBUG   : 连接池初始化完成
2018-10-28 12:11:14,867 DEBUG   : 连接池初始化完成
2018-10-28 12:12:56,616 DEBUG   : 连接池初始化完成
2018-10-28 12:12:56,616 DEBUG   : 连接池初始化完成
2018-10-28 12:12:59,461 DEBUG   : 连接池初始化完成
2018-10-28 12:12:59,461 DEBUG   : 连接池初始化完成
2018-10-28 12:14:42,349 DEBUG   : 连接池初始化完成
2018-10-28 12:14:42,349 DEBUG   : 连接池初始化完成
2018-10-28 12:17:37,163 DEBUG   : 连接池初始化完成
2018-10-28 12:17:37,163 DEBUG   : 连接池初始化完成
2018-10-28 12:17:40,165 DEBUG   : 连接池初始化完成
2018-10-28 12:17:40,165 DEBUG   : 连接池初始化完成
2018-10-28 12:18:52,618 DEBUG   : 连接池初始化完成
2018-10-28 12:18:52,618 DEBUG   : 连接池初始化完成
2018-10-28 12:18:55,572 DEBUG   : 连接池初始化完成
2018-10-28 12:18:55,572 DEBUG   : 连接池初始化完成
2018-10-28 12:18:56,640 DEBUG   : {'page_num': 1, 'page_size': 22, 'total': 0}
2018-10-28 12:18:56,640 DEBUG   : {'page_num': 1, 'page_size': 22, 'total': 0}
2018-10-28 12:18:56,640 DEBUG   : b'{"page_num":1,"page_size":22,"total":0}'
2018-10-28 12:18:56,640 DEBUG   : b'{"page_num":1,"page_size":22,"total":0}'
2018-10-28 12:18:56,642 DEBUG   : ImmutableMultiDict([])
2018-10-28 12:18:56,642 DEBUG   : ImmutableMultiDict([])
2018-10-28 12:18:56,643 INFO    : into
2018-10-28 12:18:56,643 INFO    : into
2018-10-28 12:19:01,358 DEBUG   : {'page_num': 1, 'page_size': 20, 'total': 0}
2018-10-28 12:19:01,358 DEBUG   : {'page_num': 1, 'page_size': 20, 'total': 0}
2018-10-28 12:19:01,359 DEBUG   : b'{"page_num":1,"page_size":20,"total":0}'
2018-10-28 12:19:01,359 DEBUG   : b'{"page_num":1,"page_size":20,"total":0}'
2018-10-28 12:19:01,359 DEBUG   : ImmutableMultiDict([])
2018-10-28 12:19:01,359 DEBUG   : ImmutableMultiDict([])
2018-10-28 12:19:01,360 INFO    : into
2018-10-28 12:19:01,360 INFO    : into
2018-10-28 12:19:06,649 DEBUG   : {'page_num': 1, 'page_size': 20, 'total': 0}
2018-10-28 12:19:06,649 DEBUG   : {'page_num': 1, 'page_size': 20, 'total': 0}
2018-10-28 12:19:06,649 DEBUG   : b'{"page_num":1,"page_size":20,"total":0}'
2018-10-28 12:19:06,649 DEBUG   : b'{"page_num":1,"page_size":20,"total":0}'
2018-10-28 12:19:06,650 DEBUG   : ImmutableMultiDict([])
2018-10-28 12:19:06,650 DEBUG   : ImmutableMultiDict([])
2018-10-28 12:19:06,651 INFO    : into
2018-10-28 12:19:06,651 INFO    : into
2018-10-28 12:19:11,346 DEBUG   : {'page_num': 1, 'page_size': 20, 'total': 0}
2018-10-28 12:19:11,346 DEBUG   : {'page_num': 1, 'page_size': 20, 'total': 0}
2018-10-28 12:19:11,347 DEBUG   : b'{"page_num":1,"page_size":20,"total":0}'
2018-10-28 12:19:11,347 DEBUG   : b'{"page_num":1,"page_size":20,"total":0}'
2018-10-28 12:19:11,348 DEBUG   : ImmutableMultiDict([])
2018-10-28 12:19:11,348 DEBUG   : ImmutableMultiDict([])
2018-10-28 12:19:11,349 INFO    : into
2018-10-28 12:19:11,349 INFO    : into
2018-10-28 12:19:16,649 DEBUG   : {'page_num': 1, 'page_size': 20, 'total': 0}
2018-10-28 12:19:16,649 DEBUG   : {'page_num': 1, 'page_size': 20, 'total': 0}
2018-10-28 12:19:16,649 DEBUG   : b'{"page_num":1,"page_size":20,"total":0}'
2018-10-28 12:19:16,649 DEBUG   : b'{"page_num":1,"page_size":20,"total":0}'
2018-10-28 12:19:16,650 DEBUG   : ImmutableMultiDict([])
2018-10-28 12:19:16,650 DEBUG   : ImmutableMultiDict([])
2018-10-28 12:19:16,650 INFO    : into
2018-10-28 12:19:16,650 INFO    : into
2018-10-28 12:19:21,346 DEBUG   : {'page_num': 1, 'page_size': 20, 'total': 0}
2018-10-28 12:19:21,346 DEBUG   : {'page_num': 1, 'page_size': 20, 'total': 0}
2018-10-28 12:19:21,347 DEBUG   : b'{"page_num":1,"page_size":20,"total":0}'
2018-10-28 12:19:21,347 DEBUG   : b'{"page_num":1,"page_size":20,"total":0}'
2018-10-28 12:19:21,347 DEBUG   : ImmutableMultiDict([])
2018-10-28 12:19:21,347 DEBUG   : ImmutableMultiDict([])
2018-10-28 12:19:21,348 INFO    : into
2018-10-28 12:19:21,348 INFO    : into
2018-10-28 12:19:26,660 DEBUG   : {'page_num': 1, 'page_size': 20, 'total': 0}
2018-10-28 12:19:26,660 DEBUG   : {'page_num': 1, 'page_size': 20, 'total': 0}
2018-10-28 12:19:26,661 DEBUG   : b'{"page_num":1,"page_size":20,"total":0}'
2018-10-28 12:19:26,661 DEBUG   : b'{"page_num":1,"page_size":20,"total":0}'
2018-10-28 12:19:26,661 DEBUG   : ImmutableMultiDict([])
2018-10-28 12:19:26,661 DEBUG   : ImmutableMultiDict([])
2018-10-28 12:19:26,662 INFO    : into
2018-10-28 12:19:26,662 INFO    : into
2018-10-28 12:19:31,352 DEBUG   : {'page_num': 1, 'page_size': 20, 'total': 0}
2018-10-28 12:19:31,352 DEBUG   : {'page_num': 1, 'page_size': 20, 'total': 0}
2018-10-28 12:19:31,352 DEBUG   : b'{"page_num":1,"page_size":20,"total":0}'
2018-10-28 12:19:31,352 DEBUG   : b'{"page_num":1,"page_size":20,"total":0}'
2018-10-28 12:19:31,353 DEBUG   : ImmutableMultiDict([])
2018-10-28 12:19:31,353 DEBUG   : ImmutableMultiDict([])
2018-10-28 12:19:31,353 INFO    : into
2018-10-28 12:19:31,353 INFO    : into
2018-10-28 12:19:36,653 DEBUG   : {'page_num': 1, 'page_size': 20, 'total': 0}
2018-10-28 12:19:36,653 DEBUG   : {'page_num': 1, 'page_size': 20, 'total': 0}
2018-10-28 12:19:36,653 DEBUG   : b'{"page_num":1,"page_size":20,"total":0}'
2018-10-28 12:19:36,653 DEBUG   : b'{"page_num":1,"page_size":20,"total":0}'
2018-10-28 12:19:36,654 DEBUG   : ImmutableMultiDict([])
2018-10-28 12:19:36,654 DEBUG   : ImmutableMultiDict([])
2018-10-28 12:19:36,655 INFO    : into
2018-10-28 12:19:36,655 INFO    : into
2018-10-28 12:19:41,346 DEBUG   : {'page_num': 1, 'page_size': 20, 'total': 0}
2018-10-28 12:19:41,346 DEBUG   : {'page_num': 1, 'page_size': 20, 'total': 0}
2018-10-28 12:19:41,347 DEBUG   : b'{"page_num":1,"page_size":20,"total":0}'
2018-10-28 12:19:41,347 DEBUG   : b'{"page_num":1,"page_size":20,"total":0}'
2018-10-28 12:19:41,347 DEBUG   : ImmutableMultiDict([])
2018-10-28 12:19:41,347 DEBUG   : ImmutableMultiDict([])
2018-10-28 12:19:41,347 INFO    : into
2018-10-28 12:19:41,347 INFO    : into
2018-10-28 12:19:46,660 DEBUG   : {'page_num': 1, 'page_size': 20, 'total': 0}
2018-10-28 12:19:46,660 DEBUG   : {'page_num': 1, 'page_size': 20, 'total': 0}
2018-10-28 12:19:46,661 DEBUG   : b'{"page_num":1,"page_size":20,"total":0}'
2018-10-28 12:19:46,661 DEBUG   : b'{"page_num":1,"page_size":20,"total":0}'
2018-10-28 12:19:46,661 DEBUG   : ImmutableMultiDict([])
2018-10-28 12:19:46,661 DEBUG   : ImmutableMultiDict([])
2018-10-28 12:19:46,661 INFO    : into
2018-10-28 12:19:46,661 INFO    : into
2018-10-28 12:22:21,730 DEBUG   : 连接池初始化完成
2018-10-28 12:22:21,730 DEBUG   : 连接池初始化完成
2018-10-28 12:22:25,294 DEBUG   : 连接池初始化完成
2018-10-28 12:22:25,294 DEBUG   : 连接池初始化完成
2018-10-28 12:22:26,672 INFO    : into
2018-10-28 12:22:26,672 INFO    : into
2018-10-28 12:22:31,357 INFO    : into
2018-10-28 12:22:31,357 INFO    : into
2018-10-28 12:22:39,420 INFO    : into
2018-10-28 12:22:39,420 INFO    : into
2018-10-28 12:22:44,720 INFO    : into
2018-10-28 12:22:44,720 INFO    : into
2018-10-28 12:22:49,409 INFO    : into
2018-10-28 12:22:49,409 INFO    : into
2018-10-28 12:22:54,712 INFO    : into
2018-10-28 12:22:54,712 INFO    : into
2018-10-28 12:22:59,412 INFO    : into
2018-10-28 12:22:59,412 INFO    : into
2018-10-28 12:23:04,713 INFO    : into
2018-10-28 12:23:04,713 INFO    : into
2018-10-28 12:23:09,416 INFO    : into
2018-10-28 12:23:09,416 INFO    : into
2018-10-28 12:23:14,718 INFO    : into
2018-10-28 12:23:14,718 INFO    : into
2018-10-28 12:23:17,824 INFO    : into
2018-10-28 12:23:17,824 INFO    : into
2018-10-28 12:23:22,534 INFO    : into
2018-10-28 12:23:22,534 INFO    : into
2018-10-28 12:23:27,833 INFO    : into
2018-10-28 12:23:27,833 INFO    : into
2018-10-28 12:23:32,534 INFO    : into
2018-10-28 12:23:32,534 INFO    : into
2018-10-28 12:31:58,240 DEBUG   : 连接池初始化完成
2018-10-28 12:31:58,240 DEBUG   : 连接池初始化完成
2018-10-28 12:32:03,179 INFO    : into
2018-10-28 12:32:03,179 INFO    : into
2018-10-28 12:32:08,493 INFO    : into
2018-10-28 12:32:08,493 INFO    : into
2018-10-28 12:32:13,190 INFO    : into
2018-10-28 12:32:13,190 INFO    : into
2018-10-28 12:33:40,518 INFO    : into
2018-10-28 12:33:40,518 INFO    : into
2018-10-28 12:33:48,511 INFO    : into
2018-10-28 12:33:48,511 INFO    : into
2018-10-28 12:34:04,836 INFO    : into
2018-10-28 12:34:04,836 INFO    : into
2018-10-28 12:34:09,530 INFO    : into
2018-10-28 12:34:09,530 INFO    : into
2018-10-28 12:34:14,833 INFO    : into
2018-10-28 12:34:14,833 INFO    : into
2018-10-28 12:34:19,524 INFO    : into
2018-10-28 12:34:19,524 INFO    : into
2018-10-28 12:34:24,838 INFO    : into
2018-10-28 12:34:24,838 INFO    : into
2018-10-28 12:34:29,531 INFO    : into
2018-10-28 12:34:29,531 INFO    : into
2018-10-28 12:34:34,833 INFO    : into
2018-10-28 12:34:34,833 INFO    : into
2018-10-28 12:34:39,533 INFO    : into
2018-10-28 12:34:39,533 INFO    : into
2018-10-28 12:34:44,847 INFO    : into
2018-10-28 12:34:44,847 INFO    : into
2018-10-28 12:34:48,028 INFO    : into
2018-10-28 12:34:48,028 INFO    : into
2018-10-28 12:34:50,500 INFO    : into
2018-10-28 12:34:50,500 INFO    : into
2018-10-28 12:34:53,230 INFO    : into
2018-10-28 12:34:53,230 INFO    : into
2018-10-28 12:34:57,946 INFO    : into
2018-10-28 12:34:57,946 INFO    : into
2018-10-28 12:35:03,238 INFO    : into
2018-10-28 12:35:03,238 INFO    : into
2018-10-28 12:35:07,939 INFO    : into
2018-10-28 12:35:07,939 INFO    : into
2018-10-28 12:35:19,124 INFO    : into
2018-10-28 12:35:19,124 INFO    : into
2018-10-28 12:35:23,815 INFO    : into
2018-10-28 12:35:23,815 INFO    : into
2018-10-28 12:35:29,122 INFO    : into
2018-10-28 12:35:29,122 INFO    : into
2018-10-28 12:35:33,820 INFO    : into
2018-10-28 12:35:33,820 INFO    : into
2018-10-28 12:35:39,589 DEBUG   : 连接池初始化完成
2018-10-28 12:35:39,589 DEBUG   : 连接池初始化完成
2018-10-28 12:35:47,656 DEBUG   : 连接池初始化完成
2018-10-28 12:35:47,656 DEBUG   : 连接池初始化完成
2018-10-28 12:35:52,998 INFO    : into
2018-10-28 12:35:52,998 INFO    : into
2018-10-28 12:35:58,904 INFO    : into
2018-10-28 12:35:58,904 INFO    : into
2018-10-28 12:36:03,215 INFO    : into
2018-10-28 12:36:03,215 INFO    : into
2018-10-28 12:36:09,687 INFO    : into
2018-10-28 12:36:09,687 INFO    : into
2018-10-28 12:36:15,918 INFO    : into
2018-10-28 12:36:15,918 INFO    : into
2018-10-28 12:36:23,184 INFO    : into
2018-10-28 12:36:23,184 INFO    : into
2018-10-28 12:36:31,763 INFO    : into
2018-10-28 12:36:31,763 INFO    : into
2018-10-28 12:36:41,514 INFO    : into
2018-10-28 12:36:41,514 INFO    : into
2018-10-28 12:36:52,311 INFO    : into
2018-10-28 12:36:52,311 INFO    : into
2018-10-28 12:37:04,451 INFO    : into
2018-10-28 12:37:04,451 INFO    : into
2018-10-28 12:37:17,668 INFO    : into
2018-10-28 12:37:17,668 INFO    : into
2018-10-28 12:37:21,422 INFO    : into
2018-10-28 12:37:21,422 INFO    : into
2018-10-28 12:37:26,293 INFO    : into
2018-10-28 12:37:26,293 INFO    : into
2018-10-28 12:37:32,326 INFO    : into
2018-10-28 12:37:32,326 INFO    : into
2018-10-28 12:37:39,590 INFO    : into
2018-10-28 12:37:39,590 INFO    : into
2018-10-28 12:37:48,012 INFO    : into
2018-10-28 12:37:48,012 INFO    : into
2018-10-28 12:37:57,764 INFO    : into
2018-10-28 12:37:57,764 INFO    : into
2018-10-28 12:38:12,199 DEBUG   : 连接池初始化完成
2018-10-28 12:38:12,199 DEBUG   : 连接池初始化完成
2018-10-28 12:40:26,953 DEBUG   : 连接池初始化完成
2018-10-28 12:40:26,953 DEBUG   : 连接池初始化完成
2018-10-28 12:41:15,485 DEBUG   : 连接池初始化完成
2018-10-28 12:41:15,485 DEBUG   : 连接池初始化完成
2018-10-28 12:42:32,268 DEBUG   : 连接池初始化完成
2018-10-28 12:42:32,268 DEBUG   : 连接池初始化完成
2018-10-28 12:43:02,720 DEBUG   : 连接池初始化完成
2018-10-28 12:43:02,720 DEBUG   : 连接池初始化完成
2018-10-28 12:43:18,628 DEBUG   : 连接池初始化完成
2018-10-28 12:43:18,628 DEBUG   : 连接池初始化完成
2018-10-28 12:46:26,706 DEBUG   : 连接池初始化完成
2018-10-28 12:46:26,706 DEBUG   : 连接池初始化完成
2018-10-28 12:46:29,641 DEBUG   : 连接池初始化完成
2018-10-28 12:46:29,641 DEBUG   : 连接池初始化完成
2018-10-28 12:50:28,516 DEBUG   : 连接池初始化完成
2018-10-28 12:50:28,516 DEBUG   : 连接池初始化完成
2018-10-28 12:50:32,625 DEBUG   : 连接池初始化完成
2018-10-28 12:50:32,625 DEBUG   : 连接池初始化完成
